21:57:39,123  INFO localhost-startStop-1 - FrameworkServlet 'appServlet': initialization started
21:57:39,137  INFO localhost-startStop-1 - Refreshing WebApplicationContext for namespace 'appServlet-servlet': startup date [Fri May 03 21:57:39 MSK 2019]; root of context hierarchy
21:57:39,167  INFO localhost-startStop-1 - Loading XML bean definitions from ServletContext resource [/WEB-INF/spring/servlet-context.xml]
21:57:39,483  INFO localhost-startStop-1 - Overriding bean definition for bean 'mvcContentNegotiationManager': replacing [Root bean: class [org.springframework.web.accept.ContentNegotiationManagerFactoryBean]; scope=; abstract=false; lazyInit=false; autowireMode=0; dependencyCheck=0; autowireCandidate=true; primary=false; factoryBeanName=null; factoryMethodName=null; initMethodName=null; destroyMethodName=null] with [Root bean: class [org.springframework.web.accept.ContentNegotiationManagerFactoryBean]; scope=; abstract=false; lazyInit=false; autowireMode=0; dependencyCheck=0; autowireCandidate=true; primary=false; factoryBeanName=null; factoryMethodName=null; initMethodName=null; destroyMethodName=null]
21:57:39,483  INFO localhost-startStop-1 - Overriding bean definition for bean 'mvcUriComponentsContributor': replacing [Root bean: class [org.springframework.web.servlet.config.AnnotationDrivenBeanDefinitionParser$CompositeUriComponentsContributorFactoryBean]; scope=; abstract=false; lazyInit=false; autowireMode=0; dependencyCheck=0; autowireCandidate=true; primary=false; factoryBeanName=null; factoryMethodName=null; initMethodName=null; destroyMethodName=null] with [Root bean: class [org.springframework.web.servlet.config.AnnotationDrivenBeanDefinitionParser$CompositeUriComponentsContributorFactoryBean]; scope=; abstract=false; lazyInit=false; autowireMode=0; dependencyCheck=0; autowireCandidate=true; primary=false; factoryBeanName=null; factoryMethodName=null; initMethodName=null; destroyMethodName=null]
21:57:39,542  INFO localhost-startStop-1 - JSR-330 'javax.inject.Inject' annotation found and supported for autowiring
21:57:39,639  INFO localhost-startStop-1 - Mapped "{[/home || /],methods=[GET],params=[],headers=[],consumes=[],produces=[],custom=[]}" onto public org.springframework.web.servlet.ModelAndView com.anvasy.controller.ArticleController.getArticleList()
21:57:39,639  INFO localhost-startStop-1 - Mapped "{[/addedit],methods=[POST],params=[],headers=[],consumes=[],produces=[],custom=[]}" onto public org.springframework.web.servlet.ModelAndView com.anvasy.controller.ArticleController.updateArticle(com.anvasy.model.Article)
21:57:39,639  INFO localhost-startStop-1 - Mapped "{[/article],methods=[GET],params=[],headers=[],consumes=[],produces=[],custom=[]}" onto public org.springframework.web.servlet.ModelAndView com.anvasy.controller.ArticleController.getArticle(java.lang.String)
21:57:39,640  INFO localhost-startStop-1 - Mapped "{[/article],methods=[POST],params=[],headers=[],consumes=[],produces=[],custom=[]}" onto public org.springframework.web.servlet.ModelAndView com.anvasy.controller.ArticleController.removeArticle(com.anvasy.model.Article)
21:57:39,642  INFO localhost-startStop-1 - Mapped "{[/register],methods=[GET],params=[],headers=[],consumes=[],produces=[],custom=[]}" onto public org.springframework.web.servlet.ModelAndView com.anvasy.controller.UsersController.register()
21:57:39,642  INFO localhost-startStop-1 - Mapped "{[/admin],methods=[GET],params=[],headers=[],consumes=[],produces=[],custom=[]}" onto public org.springframework.web.servlet.ModelAndView com.anvasy.controller.UsersController.getData()
21:57:39,642  INFO localhost-startStop-1 - Mapped "{[/register],methods=[POST],params=[],headers=[],consumes=[],produces=[],custom=[]}" onto public java.lang.String com.anvasy.controller.UsersController.addUser(com.anvasy.model.User)
21:57:39,642  INFO localhost-startStop-1 - Mapped "{[/admin],methods=[POST],params=[delete],headers=[],consumes=[],produces=[],custom=[]}" onto public java.lang.String com.anvasy.controller.UsersController.logOut(javax.servlet.http.HttpSession)
21:57:39,642  INFO localhost-startStop-1 - Mapped "{[/login],methods=[GET],params=[],headers=[],consumes=[],produces=[],custom=[]}" onto public org.springframework.web.servlet.ModelAndView com.anvasy.controller.UsersController.logIn()
21:57:40,015  INFO localhost-startStop-1 - Mapped URL path [/resources/**] onto handler 'org.springframework.web.servlet.resource.ResourceHttpRequestHandler#0'
21:57:40,017  INFO localhost-startStop-1 - Mapped "{[/home || /],methods=[GET],params=[],headers=[],consumes=[],produces=[],custom=[]}" onto public org.springframework.web.servlet.ModelAndView com.anvasy.controller.ArticleController.getArticleList()
21:57:40,017  INFO localhost-startStop-1 - Mapped "{[/addedit],methods=[POST],params=[],headers=[],consumes=[],produces=[],custom=[]}" onto public org.springframework.web.servlet.ModelAndView com.anvasy.controller.ArticleController.updateArticle(com.anvasy.model.Article)
21:57:40,017  INFO localhost-startStop-1 - Mapped "{[/article],methods=[GET],params=[],headers=[],consumes=[],produces=[],custom=[]}" onto public org.springframework.web.servlet.ModelAndView com.anvasy.controller.ArticleController.getArticle(java.lang.String)
21:57:40,018  INFO localhost-startStop-1 - Mapped "{[/article],methods=[POST],params=[],headers=[],consumes=[],produces=[],custom=[]}" onto public org.springframework.web.servlet.ModelAndView com.anvasy.controller.ArticleController.removeArticle(com.anvasy.model.Article)
21:57:40,018  INFO localhost-startStop-1 - Mapped "{[/register],methods=[GET],params=[],headers=[],consumes=[],produces=[],custom=[]}" onto public org.springframework.web.servlet.ModelAndView com.anvasy.controller.UsersController.register()
21:57:40,018  INFO localhost-startStop-1 - Mapped "{[/admin],methods=[GET],params=[],headers=[],consumes=[],produces=[],custom=[]}" onto public org.springframework.web.servlet.ModelAndView com.anvasy.controller.UsersController.getData()
21:57:40,018  INFO localhost-startStop-1 - Mapped "{[/register],methods=[POST],params=[],headers=[],consumes=[],produces=[],custom=[]}" onto public java.lang.String com.anvasy.controller.UsersController.addUser(com.anvasy.model.User)
21:57:40,018  INFO localhost-startStop-1 - Mapped "{[/admin],methods=[POST],params=[delete],headers=[],consumes=[],produces=[],custom=[]}" onto public java.lang.String com.anvasy.controller.UsersController.logOut(javax.servlet.http.HttpSession)
21:57:40,018  INFO localhost-startStop-1 - Mapped "{[/login],methods=[GET],params=[],headers=[],consumes=[],produces=[],custom=[]}" onto public org.springframework.web.servlet.ModelAndView com.anvasy.controller.UsersController.logIn()
21:57:40,039  INFO localhost-startStop-1 - Mapped URL path [/favicon.ico] onto handler 'org.springframework.web.servlet.resource.ResourceHttpRequestHandler#1'
21:57:40,059  INFO localhost-startStop-1 - FrameworkServlet 'appServlet': initialization completed in 935 ms
22:43:11,794  INFO localhost-startStop-1 - FrameworkServlet 'appServlet': initialization started
22:43:11,810  INFO localhost-startStop-1 - Refreshing WebApplicationContext for namespace 'appServlet-servlet': startup date [Fri May 03 22:43:11 MSK 2019]; root of context hierarchy
22:43:11,847  INFO localhost-startStop-1 - Loading XML bean definitions from ServletContext resource [/WEB-INF/spring/servlet-context.xml]
22:43:12,211  INFO localhost-startStop-1 - Overriding bean definition for bean 'mvcContentNegotiationManager': replacing [Root bean: class [org.springframework.web.accept.ContentNegotiationManagerFactoryBean]; scope=; abstract=false; lazyInit=false; autowireMode=0; dependencyCheck=0; autowireCandidate=true; primary=false; factoryBeanName=null; factoryMethodName=null; initMethodName=null; destroyMethodName=null] with [Root bean: class [org.springframework.web.accept.ContentNegotiationManagerFactoryBean]; scope=; abstract=false; lazyInit=false; autowireMode=0; dependencyCheck=0; autowireCandidate=true; primary=false; factoryBeanName=null; factoryMethodName=null; initMethodName=null; destroyMethodName=null]
22:43:12,211  INFO localhost-startStop-1 - Overriding bean definition for bean 'mvcUriComponentsContributor': replacing [Root bean: class [org.springframework.web.servlet.config.AnnotationDrivenBeanDefinitionParser$CompositeUriComponentsContributorFactoryBean]; scope=; abstract=false; lazyInit=false; autowireMode=0; dependencyCheck=0; autowireCandidate=true; primary=false; factoryBeanName=null; factoryMethodName=null; initMethodName=null; destroyMethodName=null] with [Root bean: class [org.springframework.web.servlet.config.AnnotationDrivenBeanDefinitionParser$CompositeUriComponentsContributorFactoryBean]; scope=; abstract=false; lazyInit=false; autowireMode=0; dependencyCheck=0; autowireCandidate=true; primary=false; factoryBeanName=null; factoryMethodName=null; initMethodName=null; destroyMethodName=null]
22:43:12,287  INFO localhost-startStop-1 - JSR-330 'javax.inject.Inject' annotation found and supported for autowiring
22:43:12,410  INFO localhost-startStop-1 - Mapped "{[/home || /],methods=[GET],params=[],headers=[],consumes=[],produces=[],custom=[]}" onto public org.springframework.web.servlet.ModelAndView com.anvasy.controller.ArticleController.getArticleList()
22:43:12,410  INFO localhost-startStop-1 - Mapped "{[/addedit],methods=[POST],params=[],headers=[],consumes=[],produces=[],custom=[]}" onto public org.springframework.web.servlet.ModelAndView com.anvasy.controller.ArticleController.updateArticle(com.anvasy.model.Article)
22:43:12,410  INFO localhost-startStop-1 - Mapped "{[/article],methods=[GET],params=[],headers=[],consumes=[],produces=[],custom=[]}" onto public org.springframework.web.servlet.ModelAndView com.anvasy.controller.ArticleController.getArticle(java.lang.String)
22:43:12,411  INFO localhost-startStop-1 - Mapped "{[/article],methods=[POST],params=[],headers=[],consumes=[],produces=[],custom=[]}" onto public org.springframework.web.servlet.ModelAndView com.anvasy.controller.ArticleController.removeArticle(com.anvasy.model.Article)
22:43:12,413  INFO localhost-startStop-1 - Mapped "{[/register],methods=[GET],params=[],headers=[],consumes=[],produces=[],custom=[]}" onto public org.springframework.web.servlet.ModelAndView com.anvasy.controller.UsersController.register()
22:43:12,413  INFO localhost-startStop-1 - Mapped "{[/admin],methods=[GET],params=[],headers=[],consumes=[],produces=[],custom=[]}" onto public org.springframework.web.servlet.ModelAndView com.anvasy.controller.UsersController.getData()
22:43:12,413  INFO localhost-startStop-1 - Mapped "{[/register],methods=[POST],params=[],headers=[],consumes=[],produces=[],custom=[]}" onto public java.lang.String com.anvasy.controller.UsersController.addUser(com.anvasy.model.User)
22:43:12,413  INFO localhost-startStop-1 - Mapped "{[/admin],methods=[POST],params=[delete],headers=[],consumes=[],produces=[],custom=[]}" onto public java.lang.String com.anvasy.controller.UsersController.logOut(javax.servlet.http.HttpSession)
22:43:12,413  INFO localhost-startStop-1 - Mapped "{[/login],methods=[GET],params=[],headers=[],consumes=[],produces=[],custom=[]}" onto public org.springframework.web.servlet.ModelAndView com.anvasy.controller.UsersController.logIn()
22:43:12,811  INFO localhost-startStop-1 - Mapped URL path [/resources/**] onto handler 'org.springframework.web.servlet.resource.ResourceHttpRequestHandler#0'
22:43:12,813  INFO localhost-startStop-1 - Mapped "{[/home || /],methods=[GET],params=[],headers=[],consumes=[],produces=[],custom=[]}" onto public org.springframework.web.servlet.ModelAndView com.anvasy.controller.ArticleController.getArticleList()
22:43:12,814  INFO localhost-startStop-1 - Mapped "{[/addedit],methods=[POST],params=[],headers=[],consumes=[],produces=[],custom=[]}" onto public org.springframework.web.servlet.ModelAndView com.anvasy.controller.ArticleController.updateArticle(com.anvasy.model.Article)
22:43:12,814  INFO localhost-startStop-1 - Mapped "{[/article],methods=[GET],params=[],headers=[],consumes=[],produces=[],custom=[]}" onto public org.springframework.web.servlet.ModelAndView com.anvasy.controller.ArticleController.getArticle(java.lang.String)
22:43:12,814  INFO localhost-startStop-1 - Mapped "{[/article],methods=[POST],params=[],headers=[],consumes=[],produces=[],custom=[]}" onto public org.springframework.web.servlet.ModelAndView com.anvasy.controller.ArticleController.removeArticle(com.anvasy.model.Article)
22:43:12,814  INFO localhost-startStop-1 - Mapped "{[/register],methods=[GET],params=[],headers=[],consumes=[],produces=[],custom=[]}" onto public org.springframework.web.servlet.ModelAndView com.anvasy.controller.UsersController.register()
22:43:12,814  INFO localhost-startStop-1 - Mapped "{[/admin],methods=[GET],params=[],headers=[],consumes=[],produces=[],custom=[]}" onto public org.springframework.web.servlet.ModelAndView com.anvasy.controller.UsersController.getData()
22:43:12,814  INFO localhost-startStop-1 - Mapped "{[/register],methods=[POST],params=[],headers=[],consumes=[],produces=[],custom=[]}" onto public java.lang.String com.anvasy.controller.UsersController.addUser(com.anvasy.model.User)
22:43:12,814  INFO localhost-startStop-1 - Mapped "{[/admin],methods=[POST],params=[delete],headers=[],consumes=[],produces=[],custom=[]}" onto public java.lang.String com.anvasy.controller.UsersController.logOut(javax.servlet.http.HttpSession)
22:43:12,815  INFO localhost-startStop-1 - Mapped "{[/login],methods=[GET],params=[],headers=[],consumes=[],produces=[],custom=[]}" onto public org.springframework.web.servlet.ModelAndView com.anvasy.controller.UsersController.logIn()
22:43:12,836  INFO localhost-startStop-1 - Mapped URL path [/favicon.ico] onto handler 'org.springframework.web.servlet.resource.ResourceHttpRequestHandler#1'
22:43:12,854  INFO localhost-startStop-1 - FrameworkServlet 'appServlet': initialization completed in 1060 ms
22:43:16,931  WARN http-bio-8000-exec-2 - GET request for "http://localhost:8000/corp-server/article" resulted in 404 (Not Found); invoking error handler
22:46:02,871  INFO localhost-startStop-1 - FrameworkServlet 'appServlet': initialization started
22:46:02,883  INFO localhost-startStop-1 - Refreshing WebApplicationContext for namespace 'appServlet-servlet': startup date [Fri May 03 22:46:02 MSK 2019]; root of context hierarchy
22:46:02,910  INFO localhost-startStop-1 - Loading XML bean definitions from ServletContext resource [/WEB-INF/spring/servlet-context.xml]
22:46:03,514  INFO localhost-startStop-1 - Overriding bean definition for bean 'mvcContentNegotiationManager': replacing [Root bean: class [org.springframework.web.accept.ContentNegotiationManagerFactoryBean]; scope=; abstract=false; lazyInit=false; autowireMode=0; dependencyCheck=0; autowireCandidate=true; primary=false; factoryBeanName=null; factoryMethodName=null; initMethodName=null; destroyMethodName=null] with [Root bean: class [org.springframework.web.accept.ContentNegotiationManagerFactoryBean]; scope=; abstract=false; lazyInit=false; autowireMode=0; dependencyCheck=0; autowireCandidate=true; primary=false; factoryBeanName=null; factoryMethodName=null; initMethodName=null; destroyMethodName=null]
22:46:03,514  INFO localhost-startStop-1 - Overriding bean definition for bean 'mvcUriComponentsContributor': replacing [Root bean: class [org.springframework.web.servlet.config.AnnotationDrivenBeanDefinitionParser$CompositeUriComponentsContributorFactoryBean]; scope=; abstract=false; lazyInit=false; autowireMode=0; dependencyCheck=0; autowireCandidate=true; primary=false; factoryBeanName=null; factoryMethodName=null; initMethodName=null; destroyMethodName=null] with [Root bean: class [org.springframework.web.servlet.config.AnnotationDrivenBeanDefinitionParser$CompositeUriComponentsContributorFactoryBean]; scope=; abstract=false; lazyInit=false; autowireMode=0; dependencyCheck=0; autowireCandidate=true; primary=false; factoryBeanName=null; factoryMethodName=null; initMethodName=null; destroyMethodName=null]
22:46:03,601  INFO localhost-startStop-1 - JSR-330 'javax.inject.Inject' annotation found and supported for autowiring
22:46:03,740  INFO localhost-startStop-1 - Mapped "{[/home || /],methods=[GET],params=[],headers=[],consumes=[],produces=[],custom=[]}" onto public org.springframework.web.servlet.ModelAndView com.anvasy.controller.ArticleController.getArticleList()
22:46:03,740  INFO localhost-startStop-1 - Mapped "{[/article],methods=[GET],params=[],headers=[],consumes=[],produces=[],custom=[]}" onto public org.springframework.web.servlet.ModelAndView com.anvasy.controller.ArticleController.getArticle(java.lang.String)
22:46:03,740  INFO localhost-startStop-1 - Mapped "{[/addedit],methods=[POST],params=[],headers=[],consumes=[],produces=[],custom=[]}" onto public org.springframework.web.servlet.ModelAndView com.anvasy.controller.ArticleController.updateArticle(com.anvasy.model.Article)
22:46:03,740  INFO localhost-startStop-1 - Mapped "{[/article],methods=[POST],params=[],headers=[],consumes=[],produces=[],custom=[]}" onto public org.springframework.web.servlet.ModelAndView com.anvasy.controller.ArticleController.removeArticle(com.anvasy.model.Article)
22:46:03,744  INFO localhost-startStop-1 - Mapped "{[/register],methods=[GET],params=[],headers=[],consumes=[],produces=[],custom=[]}" onto public org.springframework.web.servlet.ModelAndView com.anvasy.controller.UsersController.register()
22:46:03,744  INFO localhost-startStop-1 - Mapped "{[/admin],methods=[GET],params=[],headers=[],consumes=[],produces=[],custom=[]}" onto public org.springframework.web.servlet.ModelAndView com.anvasy.controller.UsersController.getData()
22:46:03,744  INFO localhost-startStop-1 - Mapped "{[/admin],methods=[POST],params=[delete],headers=[],consumes=[],produces=[],custom=[]}" onto public java.lang.String com.anvasy.controller.UsersController.logOut(javax.servlet.http.HttpSession)
22:46:03,744  INFO localhost-startStop-1 - Mapped "{[/login],methods=[GET],params=[],headers=[],consumes=[],produces=[],custom=[]}" onto public org.springframework.web.servlet.ModelAndView com.anvasy.controller.UsersController.logIn()
22:46:03,744  INFO localhost-startStop-1 - Mapped "{[/register],methods=[POST],params=[],headers=[],consumes=[],produces=[],custom=[]}" onto public java.lang.String com.anvasy.controller.UsersController.addUser(com.anvasy.model.User)
22:46:04,147  INFO localhost-startStop-1 - Mapped URL path [/resources/**] onto handler 'org.springframework.web.servlet.resource.ResourceHttpRequestHandler#0'
22:46:04,149  INFO localhost-startStop-1 - Mapped "{[/home || /],methods=[GET],params=[],headers=[],consumes=[],produces=[],custom=[]}" onto public org.springframework.web.servlet.ModelAndView com.anvasy.controller.ArticleController.getArticleList()
22:46:04,149  INFO localhost-startStop-1 - Mapped "{[/article],methods=[GET],params=[],headers=[],consumes=[],produces=[],custom=[]}" onto public org.springframework.web.servlet.ModelAndView com.anvasy.controller.ArticleController.getArticle(java.lang.String)
22:46:04,149  INFO localhost-startStop-1 - Mapped "{[/addedit],methods=[POST],params=[],headers=[],consumes=[],produces=[],custom=[]}" onto public org.springframework.web.servlet.ModelAndView com.anvasy.controller.ArticleController.updateArticle(com.anvasy.model.Article)
22:46:04,150  INFO localhost-startStop-1 - Mapped "{[/article],methods=[POST],params=[],headers=[],consumes=[],produces=[],custom=[]}" onto public org.springframework.web.servlet.ModelAndView com.anvasy.controller.ArticleController.removeArticle(com.anvasy.model.Article)
22:46:04,150  INFO localhost-startStop-1 - Mapped "{[/register],methods=[GET],params=[],headers=[],consumes=[],produces=[],custom=[]}" onto public org.springframework.web.servlet.ModelAndView com.anvasy.controller.UsersController.register()
22:46:04,150  INFO localhost-startStop-1 - Mapped "{[/admin],methods=[GET],params=[],headers=[],consumes=[],produces=[],custom=[]}" onto public org.springframework.web.servlet.ModelAndView com.anvasy.controller.UsersController.getData()
22:46:04,150  INFO localhost-startStop-1 - Mapped "{[/admin],methods=[POST],params=[delete],headers=[],consumes=[],produces=[],custom=[]}" onto public java.lang.String com.anvasy.controller.UsersController.logOut(javax.servlet.http.HttpSession)
22:46:04,150  INFO localhost-startStop-1 - Mapped "{[/login],methods=[GET],params=[],headers=[],consumes=[],produces=[],custom=[]}" onto public org.springframework.web.servlet.ModelAndView com.anvasy.controller.UsersController.logIn()
22:46:04,150  INFO localhost-startStop-1 - Mapped "{[/register],methods=[POST],params=[],headers=[],consumes=[],produces=[],custom=[]}" onto public java.lang.String com.anvasy.controller.UsersController.addUser(com.anvasy.model.User)
22:46:04,171  INFO localhost-startStop-1 - Mapped URL path [/favicon.ico] onto handler 'org.springframework.web.servlet.resource.ResourceHttpRequestHandler#1'
22:46:04,188  INFO localhost-startStop-1 - FrameworkServlet 'appServlet': initialization completed in 1317 ms
13:44:20,976  INFO localhost-startStop-1 - FrameworkServlet 'appServlet': initialization started
13:44:21,008  INFO localhost-startStop-1 - Refreshing WebApplicationContext for namespace 'appServlet-servlet': startup date [Sat May 04 13:44:21 MSK 2019]; root of context hierarchy
13:44:21,035  INFO localhost-startStop-1 - Loading XML bean definitions from ServletContext resource [/WEB-INF/spring/servlet-context.xml]
13:44:21,359  INFO localhost-startStop-1 - Overriding bean definition for bean 'mvcContentNegotiationManager': replacing [Root bean: class [org.springframework.web.accept.ContentNegotiationManagerFactoryBean]; scope=; abstract=false; lazyInit=false; autowireMode=0; dependencyCheck=0; autowireCandidate=true; primary=false; factoryBeanName=null; factoryMethodName=null; initMethodName=null; destroyMethodName=null] with [Root bean: class [org.springframework.web.accept.ContentNegotiationManagerFactoryBean]; scope=; abstract=false; lazyInit=false; autowireMode=0; dependencyCheck=0; autowireCandidate=true; primary=false; factoryBeanName=null; factoryMethodName=null; initMethodName=null; destroyMethodName=null]
13:44:21,360  INFO localhost-startStop-1 - Overriding bean definition for bean 'mvcUriComponentsContributor': replacing [Root bean: class [org.springframework.web.servlet.config.AnnotationDrivenBeanDefinitionParser$CompositeUriComponentsContributorFactoryBean]; scope=; abstract=false; lazyInit=false; autowireMode=0; dependencyCheck=0; autowireCandidate=true; primary=false; factoryBeanName=null; factoryMethodName=null; initMethodName=null; destroyMethodName=null] with [Root bean: class [org.springframework.web.servlet.config.AnnotationDrivenBeanDefinitionParser$CompositeUriComponentsContributorFactoryBean]; scope=; abstract=false; lazyInit=false; autowireMode=0; dependencyCheck=0; autowireCandidate=true; primary=false; factoryBeanName=null; factoryMethodName=null; initMethodName=null; destroyMethodName=null]
13:44:21,432  INFO localhost-startStop-1 - JSR-330 'javax.inject.Inject' annotation found and supported for autowiring
13:44:21,536  INFO localhost-startStop-1 - Mapped "{[/home || /],methods=[GET],params=[],headers=[],consumes=[],produces=[],custom=[]}" onto public org.springframework.web.servlet.ModelAndView com.anvasy.controller.ArticleController.getArticleList()
13:44:21,537  INFO localhost-startStop-1 - Mapped "{[/addedit],methods=[POST],params=[],headers=[],consumes=[],produces=[],custom=[]}" onto public org.springframework.web.servlet.ModelAndView com.anvasy.controller.ArticleController.updateArticle(com.anvasy.model.Article)
13:44:21,537  INFO localhost-startStop-1 - Mapped "{[/article],methods=[GET],params=[],headers=[],consumes=[],produces=[],custom=[]}" onto public org.springframework.web.servlet.ModelAndView com.anvasy.controller.ArticleController.getArticle(java.lang.String)
13:44:21,537  INFO localhost-startStop-1 - Mapped "{[/article],methods=[POST],params=[],headers=[],consumes=[],produces=[],custom=[]}" onto public org.springframework.web.servlet.ModelAndView com.anvasy.controller.ArticleController.removeArticle(com.anvasy.model.Article)
13:44:21,540  INFO localhost-startStop-1 - Mapped "{[/register],methods=[GET],params=[],headers=[],consumes=[],produces=[],custom=[]}" onto public org.springframework.web.servlet.ModelAndView com.anvasy.controller.UsersController.register()
13:44:21,540  INFO localhost-startStop-1 - Mapped "{[/admin],methods=[GET],params=[],headers=[],consumes=[],produces=[],custom=[]}" onto public org.springframework.web.servlet.ModelAndView com.anvasy.controller.UsersController.getData()
13:44:21,540  INFO localhost-startStop-1 - Mapped "{[/register],methods=[POST],params=[],headers=[],consumes=[],produces=[],custom=[]}" onto public java.lang.String com.anvasy.controller.UsersController.addUser(com.anvasy.model.User)
13:44:21,540  INFO localhost-startStop-1 - Mapped "{[/admin],methods=[POST],params=[delete],headers=[],consumes=[],produces=[],custom=[]}" onto public java.lang.String com.anvasy.controller.UsersController.logOut(javax.servlet.http.HttpSession)
13:44:21,540  INFO localhost-startStop-1 - Mapped "{[/login],methods=[GET],params=[],headers=[],consumes=[],produces=[],custom=[]}" onto public org.springframework.web.servlet.ModelAndView com.anvasy.controller.UsersController.logIn()
13:44:21,879  INFO localhost-startStop-1 - Mapped URL path [/resources/**] onto handler 'org.springframework.web.servlet.resource.ResourceHttpRequestHandler#0'
13:44:21,880  INFO localhost-startStop-1 - Mapped "{[/home || /],methods=[GET],params=[],headers=[],consumes=[],produces=[],custom=[]}" onto public org.springframework.web.servlet.ModelAndView com.anvasy.controller.ArticleController.getArticleList()
13:44:21,880  INFO localhost-startStop-1 - Mapped "{[/addedit],methods=[POST],params=[],headers=[],consumes=[],produces=[],custom=[]}" onto public org.springframework.web.servlet.ModelAndView com.anvasy.controller.ArticleController.updateArticle(com.anvasy.model.Article)
13:44:21,880  INFO localhost-startStop-1 - Mapped "{[/article],methods=[GET],params=[],headers=[],consumes=[],produces=[],custom=[]}" onto public org.springframework.web.servlet.ModelAndView com.anvasy.controller.ArticleController.getArticle(java.lang.String)
13:44:21,880  INFO localhost-startStop-1 - Mapped "{[/article],methods=[POST],params=[],headers=[],consumes=[],produces=[],custom=[]}" onto public org.springframework.web.servlet.ModelAndView com.anvasy.controller.ArticleController.removeArticle(com.anvasy.model.Article)
13:44:21,881  INFO localhost-startStop-1 - Mapped "{[/register],methods=[GET],params=[],headers=[],consumes=[],produces=[],custom=[]}" onto public org.springframework.web.servlet.ModelAndView com.anvasy.controller.UsersController.register()
13:44:21,881  INFO localhost-startStop-1 - Mapped "{[/admin],methods=[GET],params=[],headers=[],consumes=[],produces=[],custom=[]}" onto public org.springframework.web.servlet.ModelAndView com.anvasy.controller.UsersController.getData()
13:44:21,881  INFO localhost-startStop-1 - Mapped "{[/register],methods=[POST],params=[],headers=[],consumes=[],produces=[],custom=[]}" onto public java.lang.String com.anvasy.controller.UsersController.addUser(com.anvasy.model.User)
13:44:21,881  INFO localhost-startStop-1 - Mapped "{[/admin],methods=[POST],params=[delete],headers=[],consumes=[],produces=[],custom=[]}" onto public java.lang.String com.anvasy.controller.UsersController.logOut(javax.servlet.http.HttpSession)
13:44:21,881  INFO localhost-startStop-1 - Mapped "{[/login],methods=[GET],params=[],headers=[],consumes=[],produces=[],custom=[]}" onto public org.springframework.web.servlet.ModelAndView com.anvasy.controller.UsersController.logIn()
13:44:21,898  INFO localhost-startStop-1 - Mapped URL path [/favicon.ico] onto handler 'org.springframework.web.servlet.resource.ResourceHttpRequestHandler#1'
13:44:21,914  INFO localhost-startStop-1 - FrameworkServlet 'appServlet': initialization completed in 918 ms
