21:23:36,026  INFO localhost-startStop-1 - HHH000412: Hibernate Core {5.2.16.Final}
21:23:36,028  INFO localhost-startStop-1 - HHH000206: hibernate.properties not found
21:23:36,369  INFO localhost-startStop-1 - HCANN000001: Hibernate Commons Annotations {5.0.1.Final}
21:23:36,470  WARN localhost-startStop-1 - HHH000022: c3p0 properties were encountered, but the c3p0 provider class was not found on the classpath; these properties are going to be ignored.
21:23:36,472  WARN localhost-startStop-1 - HHH10001002: Using Hibernate built-in connection pool (not for production use!)
21:23:36,477  INFO localhost-startStop-1 - HHH10001005: using driver [com.mysql.jdbc.Driver] at URL [jdbc:mysql://localhost:3306/l_net]
21:23:36,478  INFO localhost-startStop-1 - HHH10001001: Connection properties: {useUnicode=true, user=root, password=****, CharSet=utf8, autocommit=true, characterEncoding=utf8}
21:23:36,478  INFO localhost-startStop-1 - HHH10001003: Autocommit mode: true
21:23:36,480  INFO localhost-startStop-1 - HHH000115: Hibernate connection pool size: 20 (min=1)
21:30:19,557  INFO localhost-startStop-1 - HHH000412: Hibernate Core {5.2.16.Final}
21:30:19,559  INFO localhost-startStop-1 - HHH000206: hibernate.properties not found
21:30:20,119  INFO localhost-startStop-1 - HCANN000001: Hibernate Commons Annotations {5.0.1.Final}
21:30:20,207  WARN localhost-startStop-1 - HHH000022: c3p0 properties were encountered, but the c3p0 provider class was not found on the classpath; these properties are going to be ignored.
21:30:20,209  WARN localhost-startStop-1 - HHH10001002: Using Hibernate built-in connection pool (not for production use!)
21:30:20,215  INFO localhost-startStop-1 - HHH10001005: using driver [com.mysql.jdbc.Driver] at URL [jdbc:mysql://localhost:3306/l_net]
21:30:20,215  INFO localhost-startStop-1 - HHH10001001: Connection properties: {useUnicode=true, user=root, password=****, CharSet=utf8, autocommit=true, characterEncoding=utf8}
21:30:20,215  INFO localhost-startStop-1 - HHH10001003: Autocommit mode: true
21:30:20,218  INFO localhost-startStop-1 - HHH000115: Hibernate connection pool size: 20 (min=1)
21:34:32,410  INFO localhost-startStop-1 - HHH000412: Hibernate Core {5.2.16.Final}
21:34:32,412  INFO localhost-startStop-1 - HHH000206: hibernate.properties not found
21:34:32,728  INFO localhost-startStop-1 - HCANN000001: Hibernate Commons Annotations {5.0.1.Final}
21:34:32,816  WARN localhost-startStop-1 - HHH000022: c3p0 properties were encountered, but the c3p0 provider class was not found on the classpath; these properties are going to be ignored.
21:34:32,818  WARN localhost-startStop-1 - HHH10001002: Using Hibernate built-in connection pool (not for production use!)
21:34:32,824  INFO localhost-startStop-1 - HHH10001005: using driver [com.mysql.jdbc.Driver] at URL [jdbc:mysql://localhost:3306/l_net?useSSL=false&serverTimezone=UTC]
21:34:32,824  INFO localhost-startStop-1 - HHH10001001: Connection properties: {useUnicode=true, user=root, password=****, CharSet=utf8, autocommit=true, characterEncoding=utf8}
21:34:32,824  INFO localhost-startStop-1 - HHH10001003: Autocommit mode: true
21:34:32,827  INFO localhost-startStop-1 - HHH000115: Hibernate connection pool size: 20 (min=1)
21:34:32,992  INFO localhost-startStop-1 - HHH000400: Using dialect: org.hibernate.dialect.MySQLDialect
21:39:11,203  INFO localhost-startStop-1 - HHH000412: Hibernate Core {5.2.16.Final}
21:39:11,205  INFO localhost-startStop-1 - HHH000206: hibernate.properties not found
21:39:11,521  INFO localhost-startStop-1 - HCANN000001: Hibernate Commons Annotations {5.0.1.Final}
21:39:11,614  WARN localhost-startStop-1 - HHH000022: c3p0 properties were encountered, but the c3p0 provider class was not found on the classpath; these properties are going to be ignored.
21:39:11,616  WARN localhost-startStop-1 - HHH10001002: Using Hibernate built-in connection pool (not for production use!)
21:39:11,622  INFO localhost-startStop-1 - HHH10001005: using driver [com.mysql.jdbc.Driver] at URL [jdbc:mysql://localhost:3306/l_net?useSSL=false&serverTimezone=UTC]
21:39:11,623  INFO localhost-startStop-1 - HHH10001001: Connection properties: {useUnicode=true, user=root, password=****, CharSet=utf8, autocommit=true, characterEncoding=utf8}
21:39:11,623  INFO localhost-startStop-1 - HHH10001003: Autocommit mode: true
21:39:11,625  INFO localhost-startStop-1 - HHH000115: Hibernate connection pool size: 20 (min=1)
21:39:11,808  INFO localhost-startStop-1 - HHH000400: Using dialect: org.hibernate.dialect.MySQLDialect
21:41:56,683  INFO localhost-startStop-1 - HHH000412: Hibernate Core {5.2.16.Final}
21:41:56,684  INFO localhost-startStop-1 - HHH000206: hibernate.properties not found
21:41:56,928  INFO localhost-startStop-1 - HCANN000001: Hibernate Commons Annotations {5.0.1.Final}
21:41:57,035  WARN localhost-startStop-1 - HHH000022: c3p0 properties were encountered, but the c3p0 provider class was not found on the classpath; these properties are going to be ignored.
21:41:57,038  WARN localhost-startStop-1 - HHH10001002: Using Hibernate built-in connection pool (not for production use!)
21:41:57,043  INFO localhost-startStop-1 - HHH10001005: using driver [com.mysql.jdbc.Driver] at URL [jdbc:mysql://localhost:3306/l_net?useSSL=false&serverTimezone=UTC]
21:41:57,043  INFO localhost-startStop-1 - HHH10001001: Connection properties: {useUnicode=true, user=root, password=****, CharSet=utf8, autocommit=true, characterEncoding=utf8}
21:41:57,044  INFO localhost-startStop-1 - HHH10001003: Autocommit mode: true
21:41:57,046  INFO localhost-startStop-1 - HHH000115: Hibernate connection pool size: 20 (min=1)
21:41:57,223  INFO localhost-startStop-1 - HHH000400: Using dialect: org.hibernate.dialect.MySQLDialect
21:45:16,990  INFO localhost-startStop-1 - HHH000412: Hibernate Core {5.2.16.Final}
21:45:16,992  INFO localhost-startStop-1 - HHH000206: hibernate.properties not found
21:45:17,235  INFO localhost-startStop-1 - HCANN000001: Hibernate Commons Annotations {5.0.1.Final}
21:45:17,331  WARN localhost-startStop-1 - HHH000022: c3p0 properties were encountered, but the c3p0 provider class was not found on the classpath; these properties are going to be ignored.
21:45:17,333  WARN localhost-startStop-1 - HHH10001002: Using Hibernate built-in connection pool (not for production use!)
21:45:17,338  INFO localhost-startStop-1 - HHH10001005: using driver [com.mysql.jdbc.Driver] at URL [jdbc:mysql://localhost:3306/l_net?useSSL=false&serverTimezone=UTC]
21:45:17,339  INFO localhost-startStop-1 - HHH10001001: Connection properties: {useUnicode=true, user=root, password=****, CharSet=utf8, autocommit=true, characterEncoding=utf8}
21:45:17,339  INFO localhost-startStop-1 - HHH10001003: Autocommit mode: true
21:45:17,342  INFO localhost-startStop-1 - HHH000115: Hibernate connection pool size: 20 (min=1)
21:45:17,514  INFO localhost-startStop-1 - HHH000400: Using dialect: org.hibernate.dialect.MySQLDialect
21:52:36,749  INFO localhost-startStop-1 - HHH000412: Hibernate Core {5.2.16.Final}
21:52:36,751  INFO localhost-startStop-1 - HHH000206: hibernate.properties not found
21:52:37,123  INFO localhost-startStop-1 - HCANN000001: Hibernate Commons Annotations {5.0.1.Final}
21:52:37,232  WARN localhost-startStop-1 - HHH000022: c3p0 properties were encountered, but the c3p0 provider class was not found on the classpath; these properties are going to be ignored.
21:52:37,234  WARN localhost-startStop-1 - HHH10001002: Using Hibernate built-in connection pool (not for production use!)
21:52:37,239  INFO localhost-startStop-1 - HHH10001005: using driver [com.mysql.jdbc.Driver] at URL [jdbc:mysql://localhost:3306/l_net?useSSL=false&serverTimezone=UTC]
21:52:37,240  INFO localhost-startStop-1 - HHH10001001: Connection properties: {useUnicode=true, user=root, password=****, CharSet=utf8, autocommit=true, characterEncoding=utf8}
21:52:37,240  INFO localhost-startStop-1 - HHH10001003: Autocommit mode: true
21:52:37,243  INFO localhost-startStop-1 - HHH000115: Hibernate connection pool size: 20 (min=1)
21:52:37,432  INFO localhost-startStop-1 - HHH000400: Using dialect: org.hibernate.dialect.MySQLDialect
21:53:12,167  INFO http-bio-8000-exec-4 - HHH000397: Using ASTQueryTranslatorFactory
21:54:24,049  INFO http-bio-8000-exec-6 - I AM HERE
21:56:52,371  INFO localhost-startStop-1 - HHH000412: Hibernate Core {5.2.16.Final}
21:56:52,373  INFO localhost-startStop-1 - HHH000206: hibernate.properties not found
21:56:52,727  INFO localhost-startStop-1 - HCANN000001: Hibernate Commons Annotations {5.0.1.Final}
21:56:52,831  WARN localhost-startStop-1 - HHH000022: c3p0 properties were encountered, but the c3p0 provider class was not found on the classpath; these properties are going to be ignored.
21:56:52,834  WARN localhost-startStop-1 - HHH10001002: Using Hibernate built-in connection pool (not for production use!)
21:56:52,840  INFO localhost-startStop-1 - HHH10001005: using driver [com.mysql.jdbc.Driver] at URL [jdbc:mysql://localhost:3306/l_net?useSSL=false&serverTimezone=UTC]
21:56:52,841  INFO localhost-startStop-1 - HHH10001001: Connection properties: {useUnicode=true, user=root, password=****, CharSet=utf8, autocommit=true, characterEncoding=utf8}
21:56:52,841  INFO localhost-startStop-1 - HHH10001003: Autocommit mode: true
21:56:52,844  INFO localhost-startStop-1 - HHH000115: Hibernate connection pool size: 20 (min=1)
21:56:53,027  INFO localhost-startStop-1 - HHH000400: Using dialect: org.hibernate.dialect.MySQLDialect
22:40:12,844  INFO localhost-startStop-1 - HHH000412: Hibernate Core {5.2.16.Final}
22:40:12,845  INFO localhost-startStop-1 - HHH000206: hibernate.properties not found
22:40:13,409  INFO localhost-startStop-1 - HCANN000001: Hibernate Commons Annotations {5.0.1.Final}
22:40:13,502  WARN localhost-startStop-1 - HHH000022: c3p0 properties were encountered, but the c3p0 provider class was not found on the classpath; these properties are going to be ignored.
22:40:13,505  WARN localhost-startStop-1 - HHH10001002: Using Hibernate built-in connection pool (not for production use!)
22:40:13,510  INFO localhost-startStop-1 - HHH10001005: using driver [com.mysql.jdbc.Driver] at URL [jdbc:mysql://localhost:3306/l_net?useSSL=false&serverTimezone=UTC]
22:40:13,510  INFO localhost-startStop-1 - HHH10001001: Connection properties: {useUnicode=true, user=root, password=****, CharSet=utf8, autocommit=true, characterEncoding=utf8}
22:40:13,510  INFO localhost-startStop-1 - HHH10001003: Autocommit mode: true
22:40:13,513  INFO localhost-startStop-1 - HHH000115: Hibernate connection pool size: 20 (min=1)
22:40:13,675  INFO localhost-startStop-1 - HHH000400: Using dialect: org.hibernate.dialect.MySQLDialect
13:51:51,945  INFO localhost-startStop-1 - HHH000412: Hibernate Core {5.2.16.Final}
13:51:52,043  INFO localhost-startStop-1 - HHH000206: hibernate.properties not found
13:51:52,730  INFO localhost-startStop-1 - HCANN000001: Hibernate Commons Annotations {5.0.1.Final}
13:51:52,820  WARN localhost-startStop-1 - HHH000022: c3p0 properties were encountered, but the c3p0 provider class was not found on the classpath; these properties are going to be ignored.
13:51:52,823  WARN localhost-startStop-1 - HHH10001002: Using Hibernate built-in connection pool (not for production use!)
13:51:52,830  INFO localhost-startStop-1 - HHH10001005: using driver [com.mysql.jdbc.Driver] at URL [jdbc:mysql://localhost:3306/l_net?useSSL=false&serverTimezone=UTC]
13:51:52,830  INFO localhost-startStop-1 - HHH10001001: Connection properties: {useUnicode=true, user=root, password=****, CharSet=utf8, autocommit=true, characterEncoding=utf8}
13:51:52,830  INFO localhost-startStop-1 - HHH10001003: Autocommit mode: true
13:51:52,833  INFO localhost-startStop-1 - HHH000115: Hibernate connection pool size: 20 (min=1)
13:51:52,998  INFO localhost-startStop-1 - HHH000400: Using dialect: org.hibernate.dialect.MySQLDialect
13:53:00,867  INFO http-bio-8000-exec-1 - HHH000397: Using ASTQueryTranslatorFactory
